{
  "stats": {
    "suites": 1,
    "tests": 4,
    "passes": 4,
    "pending": 0,
    "failures": 0,
    "start": "2023-06-29T00:32:13.344Z",
    "end": "2023-06-29T00:32:20.451Z",
    "duration": 7107,
    "testsRegistered": 4,
    "passPercent": 100,
    "pendingPercent": 0,
    "other": 0,
    "hasOther": false,
    "skipped": 0,
    "hasSkipped": false
  },
  "results": [
    {
      "uuid": "86bbefc9-758a-4ebc-8e05-08f5761ae924",
      "title": "",
      "fullFile": "cypress/integration/3-alura-pic/alurapic.spec.js",
      "file": "cypress/integration/3-alura-pic/alurapic.spec.js",
      "beforeHooks": [],
      "afterHooks": [],
      "tests": [],
      "suites": [
        {
          "uuid": "3187647a-3108-4232-bf01-692676a8525e",
          "title": "Login e registro de usuarios alura pic",
          "fullFile": "",
          "file": "",
          "beforeHooks": [],
          "afterHooks": [],
          "tests": [
            {
              "title": "verifica mensagens validacao",
              "fullTitle": "Login e registro de usuarios alura pic verifica mensagens validacao",
              "timedOut": null,
              "duration": 1998,
              "state": "passed",
              "speed": "fast",
              "pass": true,
              "fail": false,
              "pending": false,
              "context": null,
              "code": "cy.contains('a', 'Register now').click();\ncy.contains('button', 'Register').click();\ncy.contains('ap-vmessage', 'Email is required!').should('be.visible');\ncy.contains('button', 'Register').click();\ncy.contains('ap-vmessage', 'User name is required!').should('be.visible');\ncy.contains('ap-vmessage', 'Password is required!').should('be.visible');\ncy.contains('ap-vmessage', 'Full name is required!').should('be.visible');",
              "err": {},
              "uuid": "92fde4a9-f3bb-4daf-9fc2-62e570e74046",
              "parentUUID": "3187647a-3108-4232-bf01-692676a8525e",
              "isHook": false,
              "skipped": false
            },
            {
              "title": "verifica mensagens email invalido",
              "fullTitle": "Login e registro de usuarios alura pic verifica mensagens email invalido",
              "timedOut": null,
              "duration": 1081,
              "state": "passed",
              "speed": "fast",
              "pass": true,
              "fail": false,
              "pending": false,
              "context": null,
              "code": "cy.contains('a', 'Register now').click();\ncy.contains('button', 'Register').click();\ncy.get('input[formcontrolname=\"email\"]').type('Michelle');\ncy.contains('ap-vmessage', 'Invalid e-mail').should('be.visible');",
              "err": {},
              "uuid": "729674e5-fdbc-438c-ae37-e2f44d00f283",
              "parentUUID": "3187647a-3108-4232-bf01-692676a8525e",
              "isHook": false,
              "skipped": false
            },
            {
              "title": "verifica mensagens de senha com menos de 8 caracteres",
              "fullTitle": "Login e registro de usuarios alura pic verifica mensagens de senha com menos de 8 caracteres",
              "timedOut": null,
              "duration": 991,
              "state": "passed",
              "speed": "fast",
              "pass": true,
              "fail": false,
              "pending": false,
              "context": null,
              "code": "cy.contains('a', 'Register now').click();\ncy.get('input[formcontrolname=\"password\"]').type('123');\ncy.contains('button', 'Register').click();\ncy.contains('ap-vmessage', 'Mininum length is 8').should('be.visible');",
              "err": {},
              "uuid": "53734d56-d657-4aac-8df4-93b64a91c7a0",
              "parentUUID": "3187647a-3108-4232-bf01-692676a8525e",
              "isHook": false,
              "skipped": false
            },
            {
              "title": "verifica mensagens de letra maiuscula no campo username",
              "fullTitle": "Login e registro de usuarios alura pic verifica mensagens de letra maiuscula no campo username",
              "timedOut": null,
              "duration": 1045,
              "state": "passed",
              "speed": "fast",
              "pass": true,
              "fail": false,
              "pending": false,
              "context": null,
              "code": "cy.contains('a', 'Register now').click();\ncy.get('input[formcontrolname=\"userName\"]').type('MICHELLE');\ncy.contains('button', 'Register').click();\ncy.contains('ap-vmessage', 'Must be lower case').should('be.visible');",
              "err": {},
              "uuid": "3e4dc2e4-3df2-41c4-a263-9773506a8a40",
              "parentUUID": "3187647a-3108-4232-bf01-692676a8525e",
              "isHook": false,
              "skipped": false
            }
          ],
          "suites": [],
          "passes": [
            "92fde4a9-f3bb-4daf-9fc2-62e570e74046",
            "729674e5-fdbc-438c-ae37-e2f44d00f283",
            "53734d56-d657-4aac-8df4-93b64a91c7a0",
            "3e4dc2e4-3df2-41c4-a263-9773506a8a40"
          ],
          "failures": [],
          "pending": [],
          "skipped": [],
          "duration": 5115,
          "root": false,
          "rootEmpty": false,
          "_timeout": 2000
        }
      ],
      "passes": [],
      "failures": [],
      "pending": [],
      "skipped": [],
      "duration": 0,
      "root": true,
      "rootEmpty": true,
      "_timeout": 2000
    }
  ],
  "meta": {
    "mocha": {
      "version": "7.0.1"
    },
    "mochawesome": {
      "options": {
        "quiet": false,
        "reportFilename": "mochawesome",
        "saveHtml": true,
        "saveJson": true,
        "consoleReporter": "spec",
        "useInlineDiffs": false,
        "code": true
      },
      "version": "7.1.3"
    },
    "marge": {
      "options": null,
      "version": "6.2.0"
    }
  }
}